[2025-04-25 15:38:47,851: INFO: common: created directory at: artificats]
[2025-04-25 15:38:47,853: INFO: common: created directory at: artifacts/data_ingestion]
[2025-04-25 15:42:28,690: INFO: common: created directory at: artificats]
[2025-04-25 15:42:28,691: INFO: common: created directory at: artifacts/data_ingestion]
[2025-04-25 15:42:57,110: INFO: common: created directory at: artificats]
[2025-04-25 15:42:57,111: INFO: common: created directory at: artifacts/data_ingestion]
[2025-04-25 15:43:43,971: INFO: common: created directory at: artificats]
[2025-04-25 15:43:43,973: INFO: common: created directory at: artifacts/data_ingestion]
[2025-04-25 15:44:26,950: INFO: common: created directory at: artificats]
[2025-04-25 15:44:26,952: INFO: common: created directory at: artifacts/data_ingestion]
[2025-04-25 15:44:29,684: INFO: common: created directory at: artificats]
[2025-04-25 15:44:29,686: INFO: common: created directory at: artifacts/data_ingestion]
[2025-04-25 15:45:27,604: INFO: common: created directory at: artificats]
[2025-04-25 15:45:27,606: INFO: common: created directory at: artifacts/data_ingestion]
[2025-04-25 15:49:10,419: INFO: common: created directory at: artificats]
[2025-04-25 15:49:10,421: INFO: common: created directory at: artifacts/data_ingestion]
[2025-04-25 15:54:23,172: INFO: common: created directory at: artificats]
[2025-04-25 15:54:23,174: INFO: common: created directory at: artifacts/data_ingestion]
[2025-04-25 19:02:10,239: INFO: common: created directory at: artificats]
[2025-04-25 19:11:44,690: INFO: common: created directory at: artifacts]
[2025-04-25 19:11:44,692: INFO: common: created directory at: artifacts/data_ingestion]
[2025-04-25 19:12:36,354: INFO: common: created directory at: artifacts]
[2025-04-25 19:12:36,355: INFO: common: created directory at: artifacts/data_ingestion]
[2025-04-25 19:13:06,272: INFO: common: created directory at: artifacts]
[2025-04-25 19:13:06,275: INFO: common: created directory at: artifacts/data_ingestion]
[2025-04-25 19:16:14,269: INFO: common: created directory at: artifacts]
[2025-04-25 19:16:14,270: INFO: common: created directory at: artifacts/data_ingestion]
[2025-04-25 19:17:24,789: INFO: common: created directory at: artifacts]
[2025-04-25 19:17:24,791: INFO: common: created directory at: artifacts/data_ingestion]
[2025-04-25 19:17:57,878: INFO: common: created directory at: artifacts]
[2025-04-25 19:17:57,880: INFO: common: created directory at: artifacts/data_ingestion]
[2025-04-25 19:22:25,465: INFO: common: created directory at: artifacts]
[2025-04-25 19:22:25,467: INFO: common: created directory at: artifacts/data_ingestion]
[2025-04-25 19:24:40,132: INFO: common: created directory at: artifacts]
[2025-04-25 19:24:40,133: INFO: common: created directory at: artifacts/data_ingestion]
[2025-04-25 19:26:18,153: INFO: common: created directory at: artifacts]
[2025-04-25 19:26:18,156: INFO: common: created directory at: artifacts/data_ingestion]
[2025-04-25 19:27:29,074: INFO: common: created directory at: artifacts]
[2025-04-25 19:27:29,076: INFO: common: created directory at: artifacts/data_ingestion]
[2025-04-25 19:27:43,508: INFO: common: created directory at: artifacts]
[2025-04-25 19:27:43,510: INFO: common: created directory at: artifacts/data_ingestion]
[2025-04-25 19:28:59,993: INFO: common: created directory at: artifacts]
[2025-04-25 19:28:59,995: INFO: common: created directory at: artifacts/data_ingestion]
[2025-04-25 19:29:18,339: INFO: common: created directory at: artifacts]
[2025-04-25 19:29:18,340: INFO: common: created directory at: artifacts/data_ingestion]
[2025-04-25 19:38:30,525: INFO: common: created directory at: artifacts]
[2025-04-25 19:39:24,029: INFO: common: created directory at: artifacts]
[2025-04-25 19:39:24,031: INFO: common: created directory at: artifacts/data_validation]
[2025-04-25 19:39:47,300: INFO: common: created directory at: artifacts]
[2025-04-25 19:39:47,302: INFO: common: created directory at: artifacts/data_validation]
[2025-04-25 19:40:02,808: INFO: common: created directory at: artifacts]
[2025-04-25 19:40:02,810: INFO: common: created directory at: artifacts/data_validation]
[2025-04-25 19:41:19,307: INFO: common: created directory at: artifacts]
[2025-04-25 19:41:19,308: INFO: common: created directory at: artifacts/data_validation]
[2025-04-25 19:42:33,534: INFO: common: created directory at: artifacts]
[2025-04-25 19:42:33,536: INFO: common: created directory at: artifacts/data_validation]
[2025-04-25 19:44:53,213: INFO: common: created directory at: artifacts]
[2025-04-25 19:44:53,216: INFO: common: created directory at: artifacts/data_validation]
[2025-04-25 19:45:12,732: INFO: common: created directory at: artifacts]
[2025-04-25 19:45:12,734: INFO: common: created directory at: artifacts/data_validation]
[2025-04-25 19:47:37,013: INFO: common: created directory at: artifacts]
[2025-04-25 19:47:37,015: INFO: common: created directory at: artifacts/data_validation]
[2025-04-25 19:48:51,768: INFO: common: created directory at: artifacts]
[2025-04-25 19:48:51,769: INFO: common: created directory at: artifacts/data_validation]
[2025-04-25 19:49:08,366: INFO: common: created directory at: artifacts]
[2025-04-25 19:49:08,368: INFO: common: created directory at: artifacts/data_validation]
[2025-04-25 19:49:50,133: INFO: common: created directory at: artifacts]
[2025-04-25 19:49:50,135: INFO: common: created directory at: artifacts/data_validation]
[2025-04-25 19:50:40,932: INFO: common: created directory at: artifacts]
[2025-04-25 19:50:40,934: INFO: common: created directory at: artifacts/data_validation]
[2025-04-25 19:50:57,569: INFO: common: created directory at: artifacts]
[2025-04-25 19:50:57,571: INFO: common: created directory at: artifacts/data_validation]
[2025-04-25 19:51:45,277: INFO: common: created directory at: artifacts]
[2025-04-25 19:51:45,278: INFO: common: created directory at: artifacts/data_validation]
[2025-04-25 19:51:45,280: INFO: 3612872325: file validation in the artifacts/data_validation and its validation status False]
[2025-04-25 19:51:45,281: INFO: 3612872325: file validation in the artifacts/data_validation and its validation status False]
[2025-04-25 19:51:45,283: INFO: 3612872325: file validation in the artifacts/data_validation and its validation status False]
[2025-04-25 19:51:45,285: INFO: 3612872325: file validation in the artifacts/data_validation and its validation status False]
[2025-04-25 19:51:45,286: INFO: 3612872325: file validation in the artifacts/data_validation and its validation status False]
[2025-04-25 19:51:45,288: INFO: 3612872325: file validation in the artifacts/data_validation and its validation status False]
[2025-04-25 19:51:45,291: INFO: 3612872325: file validation in the artifacts/data_validation and its validation status False]
[2025-04-25 19:51:45,293: INFO: 3612872325: file validation in the artifacts/data_validation and its validation status False]
[2025-04-25 19:51:45,294: INFO: 3612872325: file validation in the artifacts/data_validation and its validation status False]
[2025-04-25 19:51:45,296: INFO: 3612872325: file validation in the artifacts/data_validation and its validation status False]
[2025-04-25 19:51:45,298: INFO: 3612872325: file validation in the artifacts/data_validation and its validation status False]
[2025-04-25 19:51:45,300: INFO: 3612872325: file validation in the artifacts/data_validation and its validation status False]
[2025-04-25 19:51:45,301: INFO: 3612872325: file validation in the artifacts/data_validation and its validation status False]
[2025-04-25 19:51:45,304: INFO: 3612872325: file validation in the artifacts/data_validation and its validation status False]
[2025-04-25 19:51:45,306: INFO: 3612872325: file validation in the artifacts/data_validation and its validation status False]
[2025-04-25 19:51:45,308: INFO: 3612872325: file validation in the artifacts/data_validation and its validation status False]
[2025-04-25 19:51:45,311: INFO: 3612872325: file validation in the artifacts/data_validation and its validation status False]
[2025-04-25 19:51:45,313: INFO: 3612872325: file validation in the artifacts/data_validation and its validation status False]
[2025-04-25 19:51:45,314: INFO: 3612872325: file validation in the artifacts/data_validation and its validation status False]
[2025-04-25 19:51:45,315: INFO: 3612872325: file validation in the artifacts/data_validation and its validation status False]
[2025-04-25 19:51:45,317: INFO: 3612872325: file validation in the artifacts/data_validation and its validation status False]
[2025-04-25 19:51:45,320: INFO: 3612872325: file validation in the artifacts/data_validation and its validation status False]
[2025-04-25 19:51:45,322: INFO: 3612872325: file validation in the artifacts/data_validation and its validation status False]
[2025-04-25 19:51:45,324: INFO: 3612872325: file validation in the artifacts/data_validation and its validation status False]
[2025-04-25 19:51:45,326: INFO: 3612872325: file validation in the artifacts/data_validation and its validation status False]
[2025-04-25 19:51:45,328: INFO: 3612872325: file validation in the artifacts/data_validation and its validation status False]
[2025-04-25 19:51:45,330: INFO: 3612872325: file validation in the artifacts/data_validation and its validation status False]
[2025-04-25 19:51:45,332: INFO: 3612872325: file validation in the artifacts/data_validation and its validation status False]
[2025-04-25 19:51:45,334: INFO: 3612872325: file validation in the artifacts/data_validation and its validation status False]
[2025-04-25 19:51:45,336: INFO: 3612872325: file validation in the artifacts/data_validation and its validation status False]
[2025-04-25 19:51:45,339: INFO: 3612872325: file validation in the artifacts/data_validation and its validation status False]
[2025-04-25 19:51:45,341: INFO: 3612872325: file validation in the artifacts/data_validation and its validation status False]
[2025-04-25 19:51:45,344: INFO: 3612872325: file validation in the artifacts/data_validation and its validation status False]
[2025-04-25 19:51:45,346: INFO: 3612872325: file validation in the artifacts/data_validation and its validation status False]
[2025-04-25 19:51:45,349: INFO: 3612872325: file validation in the artifacts/data_validation and its validation status False]
[2025-04-25 19:51:45,350: INFO: 3612872325: file validation in the artifacts/data_validation and its validation status False]
[2025-04-25 19:52:06,082: INFO: common: created directory at: artifacts]
[2025-04-25 19:52:06,083: INFO: common: created directory at: artifacts/data_validation]
[2025-04-25 19:52:06,085: INFO: 2993379289: file validation in the artifacts/data_validation and its validation status False]
[2025-04-25 19:52:06,087: INFO: 2993379289: file validation in the artifacts/data_validation and its validation status False]
[2025-04-25 19:52:06,089: INFO: 2993379289: file validation in the artifacts/data_validation and its validation status False]
[2025-04-25 19:52:06,090: INFO: 2993379289: file validation in the artifacts/data_validation and its validation status False]
[2025-04-25 19:52:06,091: INFO: 2993379289: file validation in the artifacts/data_validation and its validation status False]
[2025-04-25 19:52:06,093: INFO: 2993379289: file validation in the artifacts/data_validation and its validation status False]
[2025-04-25 19:52:06,094: INFO: 2993379289: file validation in the artifacts/data_validation and its validation status False]
[2025-04-25 19:52:06,096: INFO: 2993379289: file validation in the artifacts/data_validation and its validation status False]
[2025-04-25 19:52:06,098: INFO: 2993379289: file validation in the artifacts/data_validation and its validation status False]
[2025-04-25 19:52:06,100: INFO: 2993379289: file validation in the artifacts/data_validation and its validation status False]
[2025-04-25 19:52:06,102: INFO: 2993379289: file validation in the artifacts/data_validation and its validation status False]
[2025-04-25 19:52:06,103: INFO: 2993379289: file validation in the artifacts/data_validation and its validation status False]
[2025-04-25 19:52:06,105: INFO: 2993379289: file validation in the artifacts/data_validation and its validation status False]
[2025-04-25 19:52:06,106: INFO: 2993379289: file validation in the artifacts/data_validation and its validation status False]
[2025-04-25 19:52:06,108: INFO: 2993379289: file validation in the artifacts/data_validation and its validation status False]
[2025-04-25 19:52:06,110: INFO: 2993379289: file validation in the artifacts/data_validation and its validation status False]
[2025-04-25 19:52:06,112: INFO: 2993379289: file validation in the artifacts/data_validation and its validation status False]
[2025-04-25 19:52:06,114: INFO: 2993379289: file validation in the artifacts/data_validation and its validation status False]
[2025-04-25 19:52:06,116: INFO: 2993379289: file validation in the artifacts/data_validation and its validation status False]
[2025-04-25 19:52:06,118: INFO: 2993379289: file validation in the artifacts/data_validation and its validation status False]
[2025-04-25 19:52:06,119: INFO: 2993379289: file validation in the artifacts/data_validation and its validation status False]
[2025-04-25 19:52:06,122: INFO: 2993379289: file validation in the artifacts/data_validation and its validation status False]
[2025-04-25 19:52:06,124: INFO: 2993379289: file validation in the artifacts/data_validation and its validation status False]
[2025-04-25 19:52:06,125: INFO: 2993379289: file validation in the artifacts/data_validation and its validation status False]
[2025-04-25 19:52:06,127: INFO: 2993379289: file validation in the artifacts/data_validation and its validation status False]
[2025-04-25 19:52:06,129: INFO: 2993379289: file validation in the artifacts/data_validation and its validation status False]
[2025-04-25 19:52:06,130: INFO: 2993379289: file validation in the artifacts/data_validation and its validation status False]
[2025-04-25 19:52:06,133: INFO: 2993379289: file validation in the artifacts/data_validation and its validation status False]
[2025-04-25 19:52:06,135: INFO: 2993379289: file validation in the artifacts/data_validation and its validation status False]
[2025-04-25 19:52:06,137: INFO: 2993379289: file validation in the artifacts/data_validation and its validation status False]
[2025-04-25 19:52:06,138: INFO: 2993379289: file validation in the artifacts/data_validation and its validation status False]
[2025-04-25 19:52:06,140: INFO: 2993379289: file validation in the artifacts/data_validation and its validation status False]
[2025-04-25 19:52:06,142: INFO: 2993379289: file validation in the artifacts/data_validation and its validation status False]
[2025-04-25 19:52:06,144: INFO: 2993379289: file validation in the artifacts/data_validation and its validation status False]
[2025-04-25 19:52:06,146: INFO: 2993379289: file validation in the artifacts/data_validation and its validation status False]
[2025-04-25 19:52:06,150: INFO: 2993379289: file validation in the artifacts/data_validation and its validation status False]
[2025-04-25 19:52:06,154: INFO: 2993379289: file validation in the artifacts/data_validation and its validation status False]
[2025-04-25 19:52:06,157: INFO: 2993379289: file validation in the artifacts/data_validation and its validation status False]
[2025-04-25 19:52:06,160: INFO: 2993379289: file validation in the artifacts/data_validation and its validation status False]
[2025-04-25 19:52:06,164: INFO: 2993379289: file validation in the artifacts/data_validation and its validation status False]
[2025-04-25 19:53:17,991: INFO: common: created directory at: artifacts]
[2025-04-25 19:53:17,993: INFO: common: created directory at: artifacts/data_validation]
[2025-04-25 19:53:17,994: INFO: 3612872325: file validation in the artifacts/data_validation and its validation status False]
[2025-04-25 19:53:17,995: INFO: 3612872325: file validation in the artifacts/data_validation and its validation status False]
[2025-04-25 19:53:17,997: INFO: 3612872325: file validation in the artifacts/data_validation and its validation status False]
[2025-04-25 19:53:17,998: INFO: 3612872325: file validation in the artifacts/data_validation and its validation status False]
[2025-04-25 19:53:18,000: INFO: 3612872325: file validation in the artifacts/data_validation and its validation status False]
[2025-04-25 19:53:18,003: INFO: 3612872325: file validation in the artifacts/data_validation and its validation status False]
[2025-04-25 19:53:18,005: INFO: 3612872325: file validation in the artifacts/data_validation and its validation status False]
[2025-04-25 19:53:18,006: INFO: 3612872325: file validation in the artifacts/data_validation and its validation status False]
[2025-04-25 19:53:18,008: INFO: 3612872325: file validation in the artifacts/data_validation and its validation status False]
[2025-04-25 19:53:18,010: INFO: 3612872325: file validation in the artifacts/data_validation and its validation status False]
[2025-04-25 19:53:18,011: INFO: 3612872325: file validation in the artifacts/data_validation and its validation status False]
[2025-04-25 19:53:18,013: INFO: 3612872325: file validation in the artifacts/data_validation and its validation status False]
[2025-04-25 19:53:18,015: INFO: 3612872325: file validation in the artifacts/data_validation and its validation status False]
[2025-04-25 19:53:18,017: INFO: 3612872325: file validation in the artifacts/data_validation and its validation status False]
[2025-04-25 19:53:18,019: INFO: 3612872325: file validation in the artifacts/data_validation and its validation status False]
[2025-04-25 19:53:18,020: INFO: 3612872325: file validation in the artifacts/data_validation and its validation status False]
[2025-04-25 19:53:18,022: INFO: 3612872325: file validation in the artifacts/data_validation and its validation status False]
[2025-04-25 19:53:18,023: INFO: 3612872325: file validation in the artifacts/data_validation and its validation status False]
[2025-04-25 19:53:18,025: INFO: 3612872325: file validation in the artifacts/data_validation and its validation status False]
[2025-04-25 19:53:18,027: INFO: 3612872325: file validation in the artifacts/data_validation and its validation status False]
[2025-04-25 19:53:18,029: INFO: 3612872325: file validation in the artifacts/data_validation and its validation status False]
[2025-04-25 19:53:18,030: INFO: 3612872325: file validation in the artifacts/data_validation and its validation status False]
[2025-04-25 19:53:18,031: INFO: 3612872325: file validation in the artifacts/data_validation and its validation status False]
[2025-04-25 19:53:18,033: INFO: 3612872325: file validation in the artifacts/data_validation and its validation status False]
[2025-04-25 19:53:18,035: INFO: 3612872325: file validation in the artifacts/data_validation and its validation status False]
[2025-04-25 19:53:18,037: INFO: 3612872325: file validation in the artifacts/data_validation and its validation status False]
[2025-04-25 19:53:18,040: INFO: 3612872325: file validation in the artifacts/data_validation and its validation status False]
[2025-04-25 19:53:18,041: INFO: 3612872325: file validation in the artifacts/data_validation and its validation status False]
[2025-04-25 19:53:18,043: INFO: 3612872325: file validation in the artifacts/data_validation and its validation status False]
[2025-04-25 19:53:18,045: INFO: 3612872325: file validation in the artifacts/data_validation and its validation status False]
[2025-04-25 19:53:18,046: INFO: 3612872325: file validation in the artifacts/data_validation and its validation status False]
[2025-04-25 19:53:18,048: INFO: 3612872325: file validation in the artifacts/data_validation and its validation status False]
[2025-04-25 19:53:18,050: INFO: 3612872325: file validation in the artifacts/data_validation and its validation status False]
[2025-04-25 19:53:18,052: INFO: 3612872325: file validation in the artifacts/data_validation and its validation status False]
[2025-04-25 19:53:18,054: INFO: 3612872325: file validation in the artifacts/data_validation and its validation status False]
[2025-04-25 19:53:18,056: INFO: 3612872325: file validation in the artifacts/data_validation and its validation status False]
[2025-04-25 19:59:48,698: INFO: common: created directory at: artifacts]
[2025-04-25 19:59:48,701: INFO: common: created directory at: artifacts/data_validation]
[2025-04-25 19:59:48,705: INFO: 141469614: file validation in the artifacts/data_validation and its validation status True]
[2025-04-25 19:59:48,708: INFO: 141469614: file validation in the artifacts/data_validation and its validation status True]
[2025-04-25 19:59:48,711: INFO: 141469614: file validation in the artifacts/data_validation and its validation status True]
[2025-04-25 20:00:01,504: INFO: common: created directory at: artifacts]
[2025-04-25 20:00:01,508: INFO: common: created directory at: artifacts/data_validation]
[2025-04-25 20:00:01,513: INFO: 3920898641: file validation in the artifacts/data_validation and its validation status True]
[2025-04-25 20:00:01,517: INFO: 3920898641: file validation in the artifacts/data_validation and its validation status True]
[2025-04-25 20:00:01,520: INFO: 3920898641: file validation in the artifacts/data_validation and its validation status True]
[2025-04-25 20:00:08,486: INFO: common: created directory at: artifacts]
[2025-04-25 20:00:08,491: INFO: common: created directory at: artifacts/data_validation]
[2025-04-25 20:00:08,494: INFO: 2876533578: file validation in the artifacts/data_validation and its validation status True]
[2025-04-25 20:00:08,497: INFO: 2876533578: file validation in the artifacts/data_validation and its validation status True]
[2025-04-25 20:00:08,501: INFO: 2876533578: file validation in the artifacts/data_validation and its validation status True]
[2025-04-25 20:00:56,860: INFO: common: created directory at: artifacts]
[2025-04-25 20:00:56,867: INFO: common: created directory at: artifacts/data_validation]
[2025-04-25 20:00:56,871: WARNING: 933130095: Missing required file: artifacts\data_ingestion\train]
[2025-04-25 20:00:56,876: INFO: 933130095: File validation status: False in directory artifacts\data_ingestion]
[2025-04-25 20:01:41,458: INFO: common: created directory at: artifacts]
[2025-04-25 20:01:41,463: INFO: common: created directory at: artifacts/data_validation]
[2025-04-25 20:01:41,466: WARNING: 933130095: Missing required file: artifacts\data_ingestion\train]
[2025-04-25 20:01:41,469: INFO: 933130095: File validation status: False in directory artifacts\data_ingestion]
[2025-04-25 20:02:10,741: INFO: common: created directory at: artifacts]
[2025-04-25 20:02:10,747: INFO: common: created directory at: artifacts/data_validation]
[2025-04-25 20:02:10,753: INFO: 141469614: file validation in the artifacts/data_validation and its validation status True]
[2025-04-25 20:02:10,757: INFO: 141469614: file validation in the artifacts/data_validation and its validation status True]
[2025-04-25 20:02:10,764: INFO: 141469614: file validation in the artifacts/data_validation and its validation status True]
[2025-04-25 20:03:47,990: INFO: common: created directory at: artifacts]
[2025-04-25 20:03:47,996: INFO: common: created directory at: artifacts/data_validation]
[2025-04-25 20:03:47,999: INFO: 141469614: file validation in the artifacts/data_validation and its validation status True]
[2025-04-25 20:03:48,002: INFO: 141469614: file validation in the artifacts/data_validation and its validation status True]
[2025-04-25 20:03:48,005: INFO: 141469614: file validation in the artifacts/data_validation and its validation status True]
[2025-04-25 20:04:00,367: INFO: common: created directory at: artifacts]
[2025-04-25 20:04:00,372: INFO: common: created directory at: artifacts/data_validation]
[2025-04-25 20:04:00,376: INFO: 1629498648: file validation in the artifacts/data_validation and its validation status True]
[2025-04-25 20:04:00,380: INFO: 1629498648: file validation in the artifacts/data_validation and its validation status True]
[2025-04-25 20:04:00,385: INFO: 1629498648: file validation in the artifacts/data_validation and its validation status True]
[2025-04-25 20:04:38,340: INFO: common: created directory at: artifacts]
[2025-04-25 20:04:38,344: INFO: common: created directory at: artifacts/data_validation]
[2025-04-25 20:05:06,990: INFO: common: created directory at: artifacts]
[2025-04-25 20:05:06,995: INFO: common: created directory at: artifacts/data_validation]
[2025-04-25 20:05:21,941: INFO: common: created directory at: artifacts]
[2025-04-25 20:05:21,946: INFO: common: created directory at: artifacts/data_validation]
[2025-04-25 20:05:40,167: INFO: common: created directory at: artifacts]
[2025-04-25 20:05:40,173: INFO: common: created directory at: artifacts/data_validation]
[2025-04-25 20:06:48,750: INFO: common: created directory at: artifacts]
[2025-04-25 20:06:48,755: INFO: common: created directory at: artifacts/data_validation]
[2025-04-25 20:06:48,758: WARNING: 1220647641: Missing required file: artifacts\data_ingestion\train]
[2025-04-25 20:06:48,762: INFO: 1220647641: File validation status: False in directory artifacts\data_ingestion]
[2025-04-25 20:09:30,539: INFO: common: created directory at: artifacts]
[2025-04-25 20:09:30,544: INFO: common: created directory at: artifacts/data_validation]
[2025-04-25 20:09:30,552: INFO: 1682480399: File validation status: True in directory artifacts\data_ingestion]
[2025-04-25 20:09:37,225: INFO: common: created directory at: artifacts]
[2025-04-25 20:09:37,229: INFO: common: created directory at: artifacts/data_validation]
[2025-04-25 20:09:37,234: WARNING: 2570811041: Missing required file: artifacts\data_ingestion\samsum-test]
[2025-04-25 20:09:37,237: INFO: 2570811041: File validation status: False in directory artifacts\data_ingestion]
[2025-04-25 20:10:59,198: INFO: common: created directory at: artifacts]
[2025-04-25 20:10:59,201: INFO: common: created directory at: artifacts/data_validation]
[2025-04-25 20:10:59,206: INFO: 3959796752: File validation status: True in directory artifacts\data_ingestion]
[2025-04-25 20:30:23,473: INFO: config: PyTorch version 2.7.0+cu126 available.]
[2025-04-25 20:30:23,478: INFO: config: TensorFlow version 2.19.0 available.]
[2025-04-25 21:10:40,771: INFO: common: created directory at: artifacts]
[2025-04-25 21:11:08,526: INFO: config: PyTorch version 2.7.0+cu126 available.]
[2025-04-25 21:11:08,529: INFO: config: TensorFlow version 2.19.0 available.]
[2025-04-25 21:11:09,003: INFO: common: created directory at: artifacts]
[2025-04-25 21:11:19,375: INFO: common: created directory at: artifacts]
[2025-04-25 21:11:28,293: INFO: common: created directory at: artifacts]
[2025-04-25 21:11:59,005: INFO: common: created directory at: artifacts]
[2025-04-25 21:12:14,599: INFO: common: created directory at: artifacts]
[2025-04-25 21:12:27,236: INFO: common: created directory at: artifacts]
[2025-04-25 21:12:27,237: INFO: common: created directory at: artifacts]
[2025-04-25 21:14:42,138: INFO: common: created directory at: artifacts]
[2025-04-25 21:14:42,140: INFO: common: created directory at: artifacts/data_transformation]
[2025-04-25 21:16:19,668: INFO: common: created directory at: artifacts]
[2025-04-25 21:16:19,671: INFO: common: created directory at: artifacts/data_transformation]
[2025-04-25 21:17:48,987: INFO: common: created directory at: artifacts]
[2025-04-25 21:17:48,989: INFO: common: created directory at: artifacts/data_transformation]
[2025-04-25 21:19:16,964: INFO: common: created directory at: artifacts]
[2025-04-25 21:19:16,965: INFO: common: created directory at: artifacts/data_transformation]
[2025-04-25 21:19:48,720: INFO: common: created directory at: artifacts]
[2025-04-25 21:19:48,721: INFO: common: created directory at: artifacts/data_transformation]
[2025-04-25 21:20:21,022: INFO: common: created directory at: artifacts]
[2025-04-25 21:20:21,024: INFO: common: created directory at: artifacts/data_transformation]
[2025-04-25 21:21:54,540: INFO: common: created directory at: artifacts]
[2025-04-25 21:21:54,542: INFO: common: created directory at: artifacts/data_transformation]
[2025-04-25 21:22:05,913: INFO: common: created directory at: artifacts]
[2025-04-25 21:22:05,914: INFO: common: created directory at: artifacts/data_transformation]
[2025-04-25 21:23:46,889: INFO: common: created directory at: artifacts]
[2025-04-25 21:23:46,891: INFO: common: created directory at: artifacts/data_transformation]
[2025-04-25 21:24:12,765: INFO: common: created directory at: artifacts]
[2025-04-25 21:24:12,768: INFO: common: created directory at: artifacts/data_transformation]
[2025-04-25 21:24:17,479: INFO: common: created directory at: artifacts]
[2025-04-25 21:24:17,481: INFO: common: created directory at: artifacts/data_transformation]
[2025-04-25 21:24:40,360: INFO: common: created directory at: artifacts]
[2025-04-25 21:24:40,362: INFO: common: created directory at: artifacts/data_transformation]
[2025-04-26 11:20:41,101: INFO: config: PyTorch version 2.7.0+cu126 available.]
[2025-04-26 11:20:41,105: INFO: config: TensorFlow version 2.19.0 available.]
[2025-04-26 11:20:41,695: INFO: common: created directory at: artifacts]
[2025-04-26 11:20:41,696: INFO: common: created directory at: artifacts/data_transformation]
[2025-04-26 11:22:15,486: INFO: common: created directory at: artifacts]
[2025-04-26 11:22:15,490: INFO: common: created directory at: artifacts/data_transformation]
[2025-04-26 11:25:06,227: INFO: common: created directory at: artifacts]
[2025-04-26 11:25:06,229: INFO: common: created directory at: artifacts/data_transformation]
[2025-04-26 11:30:15,094: INFO: common: created directory at: artifacts]
[2025-04-26 11:30:15,096: INFO: common: created directory at: artifacts/data_transformation]
[2025-04-26 11:30:37,917: INFO: common: created directory at: artifacts]
[2025-04-26 11:30:37,918: INFO: common: created directory at: artifacts/data_transformation]
[2025-04-26 11:32:34,930: INFO: common: created directory at: artifacts]
[2025-04-26 11:32:34,932: INFO: common: created directory at: artifacts/data_transformation]
[2025-04-26 12:10:49,695: INFO: config: PyTorch version 2.7.0+cu126 available.]
[2025-04-26 12:10:49,708: INFO: config: TensorFlow version 2.19.0 available.]
[2025-04-26 12:55:35,594: INFO: config: PyTorch version 2.7.0+cu126 available.]
[2025-04-26 12:55:35,599: INFO: config: TensorFlow version 2.19.0 available.]
[2025-04-26 13:03:26,478: INFO: common: created directory at: artifacts]
[2025-04-26 13:05:05,579: INFO: common: created directory at: artifacts]
[2025-04-26 13:05:05,581: INFO: common: created directory at: artifacts/model_trainer]
[2025-04-26 13:06:21,978: INFO: common: created directory at: artifacts]
[2025-04-26 13:06:21,980: INFO: common: created directory at: artifacts/model_trainer]
[2025-04-26 13:06:37,557: INFO: common: created directory at: artifacts]
[2025-04-26 13:06:37,558: INFO: common: created directory at: artifacts/model_trainer]
[2025-04-26 13:07:45,701: INFO: common: created directory at: artifacts]
[2025-04-26 13:07:45,704: INFO: common: created directory at: artifacts/model_trainer]
[2025-04-26 13:08:50,772: INFO: common: created directory at: artifacts]
[2025-04-26 13:08:50,774: INFO: common: created directory at: artifacts/model_trainer]
[2025-04-26 13:08:57,755: INFO: common: created directory at: artifacts]
[2025-04-26 13:08:57,758: INFO: common: created directory at: artifacts/model_trainer]
[2025-04-26 13:09:08,064: INFO: common: created directory at: artifacts]
[2025-04-26 13:09:08,067: INFO: common: created directory at: artifacts/model_trainer]
[2025-04-26 13:10:59,202: INFO: common: created directory at: artifacts]
[2025-04-26 13:10:59,204: INFO: common: created directory at: artifacts/model_trainer]
[2025-04-26 13:12:11,409: INFO: common: created directory at: artifacts]
[2025-04-26 13:12:11,410: INFO: common: created directory at: artifacts/model_trainer]
[2025-04-26 13:12:14,205: INFO: common: created directory at: artifacts]
[2025-04-26 13:12:14,207: INFO: common: created directory at: artifacts/model_trainer]
[2025-04-26 13:12:14,886: INFO: common: created directory at: artifacts]
[2025-04-26 13:12:14,888: INFO: common: created directory at: artifacts/model_trainer]
[2025-04-26 13:13:47,485: INFO: config: PyTorch version 2.7.0+cu126 available.]
[2025-04-26 13:13:47,489: INFO: config: TensorFlow version 2.19.0 available.]
[2025-04-26 13:13:56,125: INFO: common: created directory at: artifacts]
[2025-04-26 13:13:56,127: INFO: common: created directory at: artifacts/model_trainer]
[2025-04-26 13:38:35,500: INFO: common: created directory at: artifacts]
[2025-04-26 13:38:35,502: INFO: common: created directory at: artifacts/model_trainer]
[2025-04-26 13:43:19,669: INFO: common: created directory at: artifacts]
[2025-04-26 13:43:19,672: INFO: common: created directory at: artifacts/model_trainer]
[2025-04-26 13:44:40,377: INFO: common: created directory at: artifacts]
[2025-04-26 13:44:40,380: INFO: common: created directory at: artifacts/model_trainer]
[2025-04-26 13:46:31,193: INFO: common: created directory at: artifacts]
[2025-04-26 13:46:31,195: INFO: common: created directory at: artifacts/model_trainer]
[2025-04-26 13:47:34,363: INFO: common: created directory at: artifacts]
[2025-04-26 13:47:34,365: INFO: common: created directory at: artifacts/model_trainer]
[2025-04-26 13:48:16,790: INFO: common: created directory at: artifacts]
[2025-04-26 13:48:16,791: INFO: common: created directory at: artifacts/model_trainer]
[2025-04-26 13:49:44,178: INFO: common: created directory at: artifacts]
[2025-04-26 13:49:44,180: INFO: common: created directory at: artifacts/model_trainer]
[2025-04-26 13:50:45,921: INFO: config: PyTorch version 2.7.0+cu126 available.]
[2025-04-26 13:50:45,924: INFO: config: TensorFlow version 2.19.0 available.]
[2025-04-26 13:50:55,886: INFO: common: created directory at: artifacts]
[2025-04-26 13:50:55,888: INFO: common: created directory at: artifacts/model_trainer]
[2025-04-26 13:54:00,241: INFO: common: created directory at: artifacts]
[2025-04-26 13:54:00,243: INFO: common: created directory at: artifacts/model_trainer]
[2025-04-26 13:54:33,668: INFO: common: created directory at: artifacts]
[2025-04-26 13:54:33,670: INFO: common: created directory at: artifacts/model_trainer]
[2025-04-26 13:56:43,219: INFO: common: created directory at: artifacts]
[2025-04-26 13:56:43,221: INFO: common: created directory at: artifacts/model_trainer]
[2025-04-26 13:59:15,743: INFO: common: created directory at: artifacts]
[2025-04-26 13:59:15,746: INFO: common: created directory at: artifacts/model_trainer]
[2025-04-26 14:00:00,489: INFO: common: created directory at: artifacts]
[2025-04-26 14:00:00,491: INFO: common: created directory at: artifacts/model_trainer]
[2025-04-26 14:01:00,780: INFO: common: created directory at: artifacts]
[2025-04-26 14:01:00,782: INFO: common: created directory at: artifacts/model_trainer]
[2025-04-26 14:04:43,682: INFO: common: created directory at: artifacts]
[2025-04-26 14:04:43,684: INFO: common: created directory at: artifacts/model_trainer]
[2025-04-26 14:05:01,043: INFO: common: created directory at: artifacts]
[2025-04-26 14:05:01,044: INFO: common: created directory at: artifacts/model_trainer]
[2025-04-26 14:05:33,308: INFO: common: created directory at: artifacts]
[2025-04-26 14:05:33,309: INFO: common: created directory at: artifacts/model_trainer]
[2025-04-26 14:06:47,069: INFO: common: created directory at: artifacts]
[2025-04-26 14:06:47,071: INFO: common: created directory at: artifacts/model_trainer]
[2025-04-26 14:07:20,114: INFO: common: created directory at: artifacts]
[2025-04-26 14:07:20,116: INFO: common: created directory at: artifacts/model_trainer]
[2025-04-26 14:07:50,129: INFO: common: created directory at: artifacts]
[2025-04-26 14:07:50,131: INFO: common: created directory at: artifacts/model_trainer]
[2025-04-26 14:14:03,195: INFO: common: created directory at: artifacts]
[2025-04-26 14:14:03,205: INFO: common: created directory at: artifacts/data_transformation]
[2025-04-26 14:14:50,021: INFO: common: created directory at: artifacts]
[2025-04-26 14:14:50,023: INFO: common: created directory at: artifacts/model_trainer]
[2025-04-26 14:15:28,419: INFO: common: created directory at: artifacts]
[2025-04-26 14:15:28,421: INFO: common: created directory at: artifacts/model_trainer]
[2025-04-26 14:16:00,714: INFO: common: created directory at: artifacts]
[2025-04-26 14:16:00,717: INFO: common: created directory at: artifacts/model_trainer]
[2025-04-26 14:20:22,919: INFO: common: created directory at: artifacts]
[2025-04-26 14:20:22,921: INFO: common: created directory at: artifacts/model_trainer]
[2025-04-26 14:22:22,047: INFO: common: created directory at: artifacts]
[2025-04-26 14:22:22,055: INFO: common: created directory at: artifacts/model_trainer]
[2025-04-26 14:23:48,902: INFO: common: created directory at: artifacts]
[2025-04-26 14:23:48,907: INFO: common: created directory at: artifacts/model_trainer]
[2025-04-26 14:27:06,887: INFO: common: created directory at: artifacts]
[2025-04-26 14:27:06,892: INFO: common: created directory at: artifacts/model_trainer]
[2025-04-26 14:28:09,220: INFO: common: created directory at: artifacts]
[2025-04-26 14:28:09,226: INFO: common: created directory at: artifacts/model_trainer]
[2025-04-26 14:29:23,733: INFO: common: created directory at: artifacts]
[2025-04-26 14:29:23,738: INFO: common: created directory at: artifacts/model_trainer]
[2025-04-26 14:30:59,457: INFO: common: created directory at: artifacts]
[2025-04-26 14:30:59,461: INFO: common: created directory at: artifacts/model_trainer]
[2025-04-26 14:31:35,974: INFO: common: created directory at: artifacts]
[2025-04-26 14:31:35,977: INFO: common: created directory at: artifacts/model_trainer]
[2025-04-26 14:41:59,398: INFO: common: created directory at: artifacts]
[2025-04-26 14:41:59,404: INFO: common: created directory at: artifacts/model_trainer]
[2025-04-26 14:43:45,158: INFO: common: created directory at: artifacts]
[2025-04-26 14:43:45,160: INFO: common: created directory at: artifacts/model_trainer]
[2025-04-26 14:46:05,026: INFO: common: created directory at: artifacts]
[2025-04-26 14:46:05,031: INFO: common: created directory at: artifacts/model_trainer]
[2025-04-26 14:47:21,764: INFO: common: created directory at: artifacts]
[2025-04-26 14:47:21,767: INFO: common: created directory at: artifacts/model_trainer]
[2025-04-26 14:47:34,449: ERROR: arrow: Failed to read file 'D:\Datascience\DL\DL Projects\End_to_End_Text_Summarizer\research\artifacts\data_transformation\samsum_dataset\train\data-00000-of-00001.arrow' with error <class 'datasets.table.CastError'>: Couldn't cast
id: string
dialogue: string
summary: string
input_ids: list<item: int32>
  child 0, item: int32
attention_mask: list<item: int8>
  child 0, item: int8
label: list<item: int64>
  child 0, item: int64
-- schema metadata --
huggingface: '{"info": {"features": {"id": {"dtype": "string", "_type": "' + 366
to
{'indices': Value(dtype='uint64', id=None)}
because column names don't match]
[2025-04-26 14:48:13,220: INFO: common: created directory at: artifacts]
[2025-04-26 14:48:13,223: INFO: common: created directory at: artifacts/model_trainer]
[2025-04-26 14:49:17,019: INFO: common: created directory at: artifacts]
[2025-04-26 14:49:17,023: INFO: common: created directory at: artifacts/model_trainer]
[2025-04-26 14:51:28,352: INFO: common: created directory at: artifacts]
[2025-04-26 14:51:28,357: INFO: common: created directory at: artifacts/model_trainer]
[2025-04-26 14:52:19,910: INFO: common: created directory at: artifacts]
[2025-04-26 14:52:19,913: INFO: common: created directory at: artifacts/model_trainer]
[2025-04-26 14:54:28,238: INFO: common: created directory at: artifacts]
[2025-04-26 14:54:28,241: INFO: common: created directory at: artifacts/model_trainer]
[2025-04-26 15:09:29,313: INFO: config: PyTorch version 2.7.0+cu126 available.]
[2025-04-26 15:09:29,317: INFO: config: TensorFlow version 2.19.0 available.]
[2025-04-26 15:10:11,040: INFO: common: created directory at: artifacts]
[2025-04-26 15:10:11,042: INFO: common: created directory at: artifacts/model_trainer]
[2025-04-26 15:20:57,578: ERROR: arrow: Failed to read file 'D:\Datascience\DL\DL Projects\End_to_End_Text_Summarizer\research\artifacts\data_transformation\samsum_dataset\train\data-00000-of-00001.arrow' with error <class 'datasets.table.CastError'>: Couldn't cast
id: string
dialogue: string
summary: string
input_ids: list<item: int32>
  child 0, item: int32
attention_mask: list<item: int8>
  child 0, item: int8
label: list<item: int64>
  child 0, item: int64
-- schema metadata --
huggingface: '{"info": {"features": {"id": {"dtype": "string", "_type": "' + 366
to
{'indices': Value(dtype='uint64', id=None)}
because column names don't match]
[2025-04-26 16:16:24,650: INFO: common: created directory at: artifacts]
[2025-04-26 16:16:24,653: INFO: common: created directory at: artifacts/model_trainer]
[2025-04-26 16:19:09,561: INFO: common: created directory at: artifacts]
[2025-04-26 16:19:09,563: INFO: common: created directory at: artifacts/model_trainer]
